<?xml version="1.0" encoding="UTF-8"?>
<testng-results ignored="0" total="1" passed="1" failed="0" skipped="0">
  <reporter-output>
  </reporter-output>
  <suite started-at="2023-11-22T09:28:34 GMT-08:00" name="Default suite" finished-at="2023-11-22T09:28:39 GMT-08:00" duration-ms="5394">
    <groups>
    </groups>
    <test started-at="2023-11-22T09:28:34 GMT-08:00" name="Default test" finished-at="2023-11-22T09:28:39 GMT-08:00" duration-ms="5394">
      <class name="com.ui.test.LoginTestV5">
        <test-method is-config="true" signature="setUp()[pri:0, instance:com.ui.test.LoginTestV5@272ed83b]" started-at="2023-11-22T09:28:34 GMT-08:00" name="setUp" finished-at="2023-11-22T09:28:38 GMT-08:00" duration-ms="4107" status="PASS">
          <reporter-output>
          </reporter-output>
        </test-method> <!-- setUp -->
        <test-method signature="loginTest()[pri:0, instance:com.ui.test.LoginTestV5@272ed83b]" started-at="2023-11-22T09:28:38 GMT-08:00" name="loginTest" finished-at="2023-11-22T09:28:39 GMT-08:00" duration-ms="906" status="PASS">
          <reporter-output>
          </reporter-output>
        </test-method> <!-- loginTest -->
        <test-method is-config="true" signature="tearDown()[pri:0, instance:com.ui.test.LoginTestV5@272ed83b]" started-at="2023-11-22T09:28:39 GMT-08:00" name="tearDown" finished-at="2023-11-22T09:28:39 GMT-08:00" duration-ms="296" status="PASS">
          <reporter-output>
          </reporter-output>
        </test-method> <!-- tearDown -->
      </class> <!-- com.ui.test.LoginTestV5 -->
    </test> <!-- Default test -->
  </suite> <!-- Default suite -->
</testng-results>
